<?xml version="1.0" encoding="UTF-8"?>
<testsuite xmlns:xsi="http://www.w3.org/2001/XMLSchema-instance" xsi:noNamespaceSchemaLocation="https://maven.apache.org/surefire/maven-surefire-plugin/xsd/surefire-test-report-3.0.xsd" version="3.0" name="com.example.TaskManagerTest" time="0.135" tests="8" errors="0" skipped="0" failures="0">
  <properties>
[...]
</properties>
  <testcase name="atualizarTarefa_deveAtualizarDadosDaTarefa" classname="com.example.TaskManagerTest" time="0.097">
    <system-out><![CDATA[Tarefa adicionada: Task{id=36e022d6-c291-4de0-86dc-f7ba3fd45f62, titulo='Tarefa Original', descricao='Descrição Original', dataCriacao=2024-11-05, dataConclusao=2024-11-06, status=PENDENTE}
Tarefa atualizada: Task{id=36e022d6-c291-4de0-86dc-f7ba3fd45f62, titulo='Título Atualizado', descricao='Descrição Atualizada', dataCriacao=2024-11-05, dataConclusao=2024-11-07, status=EM_PROGRESSO}
]]></system-out>
  </testcase>
  <testcase name="listarTarefas_deveRetornarTarefasOrdenadasPorDataCriacao" classname="com.example.TaskManagerTest" time="0.001">
    <system-out><![CDATA[Tarefa adicionada: Task{id=50164209-36b6-4c99-aaaf-e4d8e25514e2, titulo='Tarefa 1', descricao='Descricao 1', dataCriacao=2024-11-05, dataConclusao=2024-11-06, status=PENDENTE}
Tarefa adicionada: Task{id=49496d85-a622-4d6c-91aa-f721378942cd, titulo='Tarefa 2', descricao='Descricao 2', dataCriacao=2024-11-05, dataConclusao=2024-11-07, status=PENDENTE}
]]></system-out>
  </testcase>
  <testcase name="removerTarefa_deveRemoverTarefaPorId" classname="com.example.TaskManagerTest" time="0.001">
    <system-out><![CDATA[Tarefa adicionada: Task{id=85ab79f7-e5af-4669-b041-142aefd2b863, titulo='Tarefa Removível', descricao='Descrição Removível', dataCriacao=2024-11-05, dataConclusao=2024-11-06, status=PENDENTE}
Tarefa removida com ID: 85ab79f7-e5af-4669-b041-142aefd2b863
]]></system-out>
  </testcase>
  <testcase name="adicionarTarefa_comDescricaoVazia_deveLancarExcecao" classname="com.example.TaskManagerTest" time="0.003"/>
  <testcase name="adicionarTarefa_deveAdicionarNovaTarefa" classname="com.example.TaskManagerTest" time="0.001">
    <system-out><![CDATA[Tarefa adicionada: Task{id=e09a9734-4356-48bc-8416-ede353d711aa, titulo='Tarefa Teste', descricao='Descricao da tarefa teste', dataCriacao=2024-11-05, dataConclusao=2024-11-06, status=PENDENTE}
]]></system-out>
  </testcase>
  <testcase name="adicionarTarefa_comDataConclusaoAnteriorDataCriacao_deveLancarExcecao" classname="com.example.TaskManagerTest" time="0.001"/>
  <testcase name="listarTarefasPorStatus_deveRetornarApenasTarefasComStatusEspecifico" classname="com.example.TaskManagerTest" time="0.003">
    <system-out><![CDATA[Tarefa adicionada: Task{id=debfb9a0-60a9-4b8e-a118-29d99d3d8937, titulo='Tarefa Pendente', descricao='Descrição Pendente', dataCriacao=2024-11-05, dataConclusao=2024-11-06, status=PENDENTE}
Tarefa adicionada: Task{id=8e6ada49-cf88-49c9-941c-906a133c5df7, titulo='Tarefa Concluída', descricao='Descrição Concluída', dataCriacao=2024-11-05, dataConclusao=2024-11-07, status=PENDENTE}
Tarefa atualizada: Task{id=8e6ada49-cf88-49c9-941c-906a133c5df7, titulo='Tarefa Concluída', descricao='Descrição Concluída', dataCriacao=2024-11-05, dataConclusao=2024-11-07, status=CONCLUIDA}
]]></system-out>
  </testcase>
  <testcase name="adicionarTarefa_comTituloVazio_deveLancarExcecao" classname="com.example.TaskManagerTest" time="0.002"/>
</testsuite>