<?xml version="1.0" encoding="UTF-8"?>
<testsuite xmlns:xsi="http://www.w3.org/2001/XMLSchema-instance" xsi:noNamespaceSchemaLocation="https://maven.apache.org/surefire/maven-surefire-plugin/xsd/surefire-test-report-3.0.xsd" version="3.0" name="com.example.TaskManagerTest" time="0.136" tests="8" errors="0" skipped="0" failures="0">
  <properties>
[...]
</properties>
  <testcase name="atualizarTarefa_deveAtualizarDadosDaTarefa" classname="com.example.TaskManagerTest" time="0.111">
    <system-out><![CDATA[Tarefa adicionada: Task{id=151307c3-8db0-4966-bcd1-deaaba8dcd3c, titulo='Tarefa Original', descricao='Descrição Original', dataCriacao=2024-11-05, dataConclusao=2024-11-06, status=PENDENTE}
Tarefa atualizada: Task{id=151307c3-8db0-4966-bcd1-deaaba8dcd3c, titulo='Título Atualizado', descricao='Descrição Atualizada', dataCriacao=2024-11-05, dataConclusao=2024-11-07, status=EM_PROGRESSO}
]]></system-out>
  </testcase>
  <testcase name="listarTarefas_deveRetornarTarefasOrdenadasPorDataCriacao" classname="com.example.TaskManagerTest" time="0.0">
    <system-out><![CDATA[Tarefa adicionada: Task{id=e62e9491-4da9-4729-8c5b-19fc5f955cc8, titulo='Tarefa 1', descricao='Descricao 1', dataCriacao=2024-11-05, dataConclusao=2024-11-06, status=PENDENTE}
Tarefa adicionada: Task{id=f35703b1-a476-48ce-b92c-80289ab0f3b4, titulo='Tarefa 2', descricao='Descricao 2', dataCriacao=2024-11-05, dataConclusao=2024-11-07, status=PENDENTE}
]]></system-out>
  </testcase>
  <testcase name="removerTarefa_deveRemoverTarefaPorId" classname="com.example.TaskManagerTest" time="0.002">
    <system-out><![CDATA[Tarefa adicionada: Task{id=cbc36bc6-4b86-4e74-b8a6-734c2b036480, titulo='Tarefa Removível', descricao='Descrição Removível', dataCriacao=2024-11-05, dataConclusao=2024-11-06, status=PENDENTE}
Tarefa removida com ID: cbc36bc6-4b86-4e74-b8a6-734c2b036480
]]></system-out>
  </testcase>
  <testcase name="adicionarTarefa_comDescricaoVazia_deveLancarExcecao" classname="com.example.TaskManagerTest" time="0.003"/>
  <testcase name="adicionarTarefa_deveAdicionarNovaTarefa" classname="com.example.TaskManagerTest" time="0.002">
    <system-out><![CDATA[Tarefa adicionada: Task{id=f774eeec-ce44-4f5f-8dd1-e9aa75a53f8a, titulo='Tarefa Teste', descricao='Descricao da tarefa teste', dataCriacao=2024-11-05, dataConclusao=2024-11-06, status=PENDENTE}
]]></system-out>
  </testcase>
  <testcase name="adicionarTarefa_comDataConclusaoAnteriorDataCriacao_deveLancarExcecao" classname="com.example.TaskManagerTest" time="0.001"/>
  <testcase name="listarTarefasPorStatus_deveRetornarApenasTarefasComStatusEspecifico" classname="com.example.TaskManagerTest" time="0.002">
    <system-out><![CDATA[Tarefa adicionada: Task{id=aa38b074-3c74-4c6b-b684-6885f63b843d, titulo='Tarefa Pendente', descricao='Descrição Pendente', dataCriacao=2024-11-05, dataConclusao=2024-11-06, status=PENDENTE}
Tarefa adicionada: Task{id=9209eb62-b589-4c33-8515-81971b8928ce, titulo='Tarefa Concluída', descricao='Descrição Concluída', dataCriacao=2024-11-05, dataConclusao=2024-11-07, status=PENDENTE}
Tarefa atualizada: Task{id=9209eb62-b589-4c33-8515-81971b8928ce, titulo='Tarefa Concluída', descricao='Descrição Concluída', dataCriacao=2024-11-05, dataConclusao=2024-11-07, status=CONCLUIDA}
]]></system-out>
  </testcase>
  <testcase name="adicionarTarefa_comTituloVazio_deveLancarExcecao" classname="com.example.TaskManagerTest" time="0.0"/>
</testsuite>